<?xml version="1.0" encoding="UTF-8"?>
<testng-results skipped="0" failed="0" ignored="0" total="1" passed="1">
  <reporter-output>
  </reporter-output>
  <suite name="Default suite" duration-ms="11292" started-at="2018-06-27T05:29:41Z" finished-at="2018-06-27T05:29:52Z">
    <groups>
    </groups>
    <test name="Default test" duration-ms="11292" started-at="2018-06-27T05:29:41Z" finished-at="2018-06-27T05:29:52Z">
      <class name="com.firefox.Openbrowser">
        <test-method status="PASS" signature="beforeClass()[pri:0, instance:com.firefox.Openbrowser@1275dab]" name="beforeClass" is-config="true" duration-ms="7181" started-at="2018-06-27T05:29:41Z" finished-at="2018-06-27T05:29:48Z">
          <reporter-output>
          </reporter-output>
        </test-method> <!-- beforeClass -->
        <test-method status="PASS" signature="googlesearch()[pri:0, instance:com.firefox.Openbrowser@1275dab]" name="googlesearch" duration-ms="3937" started-at="2018-06-27T05:29:48Z" finished-at="2018-06-27T05:29:52Z">
          <reporter-output>
          </reporter-output>
        </test-method> <!-- googlesearch -->
        <test-method status="PASS" signature="afterClass()[pri:0, instance:com.firefox.Openbrowser@1275dab]" name="afterClass" is-config="true" duration-ms="150" started-at="2018-06-27T05:29:52Z" finished-at="2018-06-27T05:29:52Z">
          <reporter-output>
          </reporter-output>
        </test-method> <!-- afterClass -->
      </class> <!-- com.firefox.Openbrowser -->
    </test> <!-- Default test -->
  </suite> <!-- Default suite -->
</testng-results>
